<?xml version="1.0" encoding="UTF-8"?>
<coverage generated="1582161533594" clover="3.2.0">
  <project timestamp="1582161533594" name="All files">
    <metrics statements="15" coveredstatements="13" conditionals="2" coveredconditionals="1" methods="6" coveredmethods="4" elements="23" coveredelements="18" complexity="0" loc="15" ncloc="15" packages="1" files="3" classes="3"/>
    <file name="categories-schema.js" path="/Users/caitrowland/code-fellows/401/labs/api-server-lab-8/src/models/categories-schema.js">
      <metrics statements="3" coveredstatements="3" conditionals="0" coveredconditionals="0" methods="0" coveredmethods="0"/>
      <line num="1" count="1" type="stmt"/>
      <line num="3" count="1" type="stmt"/>
      <line num="9" count="1" type="stmt"/>
    </file>
    <file name="categories.js" path="/Users/caitrowland/code-fellows/401/labs/api-server-lab-8/src/models/categories.js">
      <metrics statements="4" coveredstatements="4" conditionals="0" coveredconditionals="0" methods="1" coveredmethods="1"/>
      <line num="1" count="1" type="stmt"/>
      <line num="2" count="1" type="stmt"/>
      <line num="6" count="1" type="stmt"/>
      <line num="10" count="1" type="stmt"/>
    </file>
    <file name="mongo-model.js" path="/Users/caitrowland/code-fellows/401/labs/api-server-lab-8/src/models/mongo-model.js">
      <metrics statements="8" coveredstatements="6" conditionals="2" coveredconditionals="1" methods="5" coveredmethods="3"/>
      <line num="5" count="1" type="stmt"/>
      <line num="9" count="1" type="stmt"/>
      <line num="10" count="1" type="stmt"/>
      <line num="14" count="1" type="cond" truecount="1" falsecount="1"/>
      <line num="15" count="1" type="stmt"/>
      <line num="19" count="0" type="stmt"/>
      <line num="23" count="0" type="stmt"/>
      <line num="28" count="1" type="stmt"/>
    </file>
  </project>
</coverage>
